Using pre-set license
Built from '2020.3/staging' branch; Version is '2020.3.48f1 (b805b124c6b7) revision 12060081'; Using compiler version '192528614'; Build Type 'Release'
OS: 'Windows 10  (10.0.19045) 64bit Professional' Language: 'es' Physical Memory: 16312 MB
BatchMode: 1, IsHumanControllingUs: 0, StartBugReporterOnCrash: 0, Is64bit: 1, IsPro: 0

COMMAND LINE ARGUMENTS:
C:\Program Files\Unity\Hub\Editor\2020.3.48f1\Editor\Unity.exe
-adb2
-batchMode
-noUpm
-name
AssetImportWorker0
-projectPath
C:/Users/User/OneDrive/Documents/GitHub/programacion-videojuegos/v.1.0
-logFile
Logs/AssetImportWorker0.log
-srvPort
49902
Successfully changed project path to: C:/Users/User/OneDrive/Documents/GitHub/programacion-videojuegos/v.1.0
C:/Users/User/OneDrive/Documents/GitHub/programacion-videojuegos/v.1.0
Using Asset Import Pipeline V2.
Player connection [15812] Host "[IP] 192.168.1.2 [Port] 1073959008 [Flags] 2 [Guid] 1513252426 [EditorId] 1513252426 [Version] 1048832 [Id] WindowsEditor(7,DESKTOP-2L5MU1M) [Debug] 1 [PackageName] WindowsEditor [ProjectName] Editor" joined multi-casting on [225.0.0.222:54997]...

Player connection [15812] Host "[IP] 192.168.1.2 [Port] 1073959008 [Flags] 2 [Guid] 1513252426 [EditorId] 1513252426 [Version] 1048832 [Id] WindowsEditor(7,DESKTOP-2L5MU1M) [Debug] 1 [PackageName] WindowsEditor [ProjectName] Editor" joined alternative multi-casting on [225.0.0.222:34997]...

Refreshing native plugins compatible for Editor in 65.71 ms, found 3 plugins.
Preloading 0 native plugins for Editor in 0.00 ms.
Initialize engine version: 2020.3.48f1 (b805b124c6b7)
[Subsystems] Discovering subsystems at path C:/Program Files/Unity/Hub/Editor/2020.3.48f1/Editor/Data/Resources/UnitySubsystems
[Subsystems] Discovering subsystems at path C:/Users/User/OneDrive/Documents/GitHub/programacion-videojuegos/v.1.0/Assets
GfxDevice: creating device client; threaded=0
Direct3D:
    Version:  Direct3D 11.0 [level 11.1]
    Renderer: NVIDIA GeForce GTX 1660 Ti (ID=0x2182)
    Vendor:   
    VRAM:     5966 MB
    Driver:   31.0.15.5222
Initialize mono
Mono path[0] = 'C:/Program Files/Unity/Hub/Editor/2020.3.48f1/Editor/Data/Managed'
Mono path[1] = 'C:/Program Files/Unity/Hub/Editor/2020.3.48f1/Editor/Data/MonoBleedingEdge/lib/mono/unityjit'
Mono config path = 'C:/Program Files/Unity/Hub/Editor/2020.3.48f1/Editor/Data/MonoBleedingEdge/etc'
Using monoOptions --debugger-agent=transport=dt_socket,embedding=1,server=y,suspend=n,address=127.0.0.1:56340
Begin MonoManager ReloadAssembly
Registering precompiled unity dll's ...
Register platform support module: C:/Program Files/Unity/Hub/Editor/2020.3.48f1/Editor/Data/PlaybackEngines/WindowsStandaloneSupport/UnityEditor.WindowsStandalone.Extensions.dll
Registered in 0.005398 seconds.
Native extension for WindowsStandalone target not found
Refreshing native plugins compatible for Editor in 53.46 ms, found 3 plugins.
Preloading 0 native plugins for Editor in 0.00 ms.
Mono: successfully reloaded assembly
- Completed reload, in  0.956 seconds
Domain Reload Profiling:
	ReloadAssembly (956ms)
		BeginReloadAssembly (114ms)
			ExecutionOrderSort (0ms)
			DisableScriptedObjects (0ms)
			BackupInstance (0ms)
			ReleaseScriptingObjects (0ms)
			CreateAndSetChildDomain (1ms)
		EndReloadAssembly (709ms)
			LoadAssemblies (109ms)
			RebuildTransferFunctionScriptingTraits (0ms)
			SetupTypeCache (236ms)
			ReleaseScriptCaches (0ms)
			RebuildScriptCaches (46ms)
			SetupLoadedEditorAssemblies (263ms)
				LogAssemblyErrors (0ms)
				InitializePlatformSupportModulesInManaged (9ms)
				SetLoadedEditorAssemblies (0ms)
				RefreshPlugins (54ms)
				BeforeProcessingInitializeOnLoad (22ms)
				ProcessInitializeOnLoadAttributes (133ms)
				ProcessInitializeOnLoadMethodAttributes (44ms)
				AfterProcessingInitializeOnLoad (0ms)
				EditorAssembliesLoaded (0ms)
			ExecutionOrderSort2 (0ms)
			AwakeInstancesAfterBackupRestoration (0ms)
Platform modules already initialized, skipping
Registering precompiled user dll's ...
Registered in 0.006562 seconds.
Begin MonoManager ReloadAssembly
Symbol file data-00000226E6339500 doesn't match image C:\Users\User\OneDrive\Documents\GitHub\programacion-videojuegos\v.1.0\Library\ScriptAssemblies\Assembly-CSharp.dll
Symbol file LoadedFromMemory is not a mono symbol file
Native extension for WindowsStandalone target not found
Refreshing native plugins compatible for Editor in 61.44 ms, found 3 plugins.
Preloading 0 native plugins for Editor in 0.00 ms.
Mono: successfully reloaded assembly
- Completed reload, in  1.902 seconds
Domain Reload Profiling:
	ReloadAssembly (1903ms)
		BeginReloadAssembly (262ms)
			ExecutionOrderSort (0ms)
			DisableScriptedObjects (8ms)
			BackupInstance (0ms)
			ReleaseScriptingObjects (0ms)
			CreateAndSetChildDomain (30ms)
		EndReloadAssembly (1522ms)
			LoadAssemblies (249ms)
			RebuildTransferFunctionScriptingTraits (0ms)
			SetupTypeCache (437ms)
			ReleaseScriptCaches (1ms)
			RebuildScriptCaches (89ms)
			SetupLoadedEditorAssemblies (597ms)
				LogAssemblyErrors (0ms)
				InitializePlatformSupportModulesInManaged (7ms)
				SetLoadedEditorAssemblies (0ms)
				RefreshPlugins (62ms)
				BeforeProcessingInitializeOnLoad (143ms)
				ProcessInitializeOnLoadAttributes (340ms)
				ProcessInitializeOnLoadMethodAttributes (29ms)
				AfterProcessingInitializeOnLoad (16ms)
				EditorAssembliesLoaded (0ms)
			ExecutionOrderSort2 (0ms)
			AwakeInstancesAfterBackupRestoration (3ms)
Platform modules already initialized, skipping
========================================================================
Worker process is ready to serve import requests
Launched and connected shader compiler UnityShaderCompiler.exe after 0.11 seconds
Refreshing native plugins compatible for Editor in 0.80 ms, found 3 plugins.
Preloading 0 native plugins for Editor in 0.00 ms.
Unloading 2015 Unused Serialized files (Serialized files now loaded: 0)
System memory in use before: 92.0 MB.
System memory in use after: 92.0 MB.

Unloading 29 unused Assets to reduce memory usage. Loaded Objects now: 2449.
Total: 6.351700 ms (FindLiveObjects: 0.329000 ms CreateObjectMapping: 0.192900 ms MarkObjects: 5.636200 ms  DeleteObjects: 0.191900 ms)

AssetImportParameters requested are different than current active one (requested -> active):
  custom:framework-win-MediaFoundation: 216162199b28c13a410421893ffa2e32 -> 
  custom:video-decoder-ogg-theora: a1e56fd34408186e4bbccfd4996cb3dc -> 
  custom:container-muxer-webm: aa71ff27fc2769a1b78a27578f13a17b -> 
  custom:container-demuxer-webm: 4f35f7cbe854078d1ac9338744f61a02 -> 
  custom:container-demuxer-ogg: 62fdf1f143b41e24485cea50d1cbac27 -> 
  custom:video-encoder-webm-vp8: eb34c28f22e8b96e1ab97ce403110664 -> 
  custom:video-decoder-webm-vp8: 9c59270c3fd7afecdb556c50c9e8de78 -> 
  custom:audio-decoder-ogg-vorbis: bf7c407c2cedff20999df2af8eb42d56 -> 
  custom:audio-encoder-webm-vorbis: bf7c407c2cedff20999df2af8eb42d56 -> 
========================================================================
Received Import Request.
  path: Assets/Spritesshets/Luigi_Idle.png
  artifactKey: Guid(82b4b0962e587fa4fa9a6f822b51776c) Importer(815301076,1909f56bfc062723c751e8b465ee728b)
Start importing Assets/Spritesshets/Luigi_Idle.png using Guid(82b4b0962e587fa4fa9a6f822b51776c) Importer(815301076,1909f56bfc062723c751e8b465ee728b)  -> (artifact id: 'ad525ca24d9e4b2df31121df2afb86de') in 0.144463 seconds 
========================================================================
Received Import Request.
  Time since last request: 2.981299 seconds.
  path: Assets/Spritesshets/Mario_Idle.png
  artifactKey: Guid(66af74cc64295cf4aa8b3359529c6733) Importer(815301076,1909f56bfc062723c751e8b465ee728b)
Start importing Assets/Spritesshets/Mario_Idle.png using Guid(66af74cc64295cf4aa8b3359529c6733) Importer(815301076,1909f56bfc062723c751e8b465ee728b)  -> (artifact id: 'e1b6b41db89c9ad6e3dc83170a0253a8') in 0.020861 seconds 
========================================================================
Received Import Request.
  Time since last request: 45.099428 seconds.
  path: Assets/Scripts/PlayerMovementLuigi.cs
  artifactKey: Guid(d05c4ed8d12c75145a651eb29aba4f20) Importer(815301076,1909f56bfc062723c751e8b465ee728b)
Start importing Assets/Scripts/PlayerMovementLuigi.cs using Guid(d05c4ed8d12c75145a651eb29aba4f20) Importer(815301076,1909f56bfc062723c751e8b465ee728b)  -> (artifact id: 'd2f402dc4e8af223df3d1bd1ba4f1af5') in 0.009202 seconds 
========================================================================
Received Import Request.
  Time since last request: 14.227012 seconds.
  path: Assets/Scripts/PlayerMovement1.cs
  artifactKey: Guid(5e88dab97ddff8945a3b18fd702af5ca) Importer(815301076,1909f56bfc062723c751e8b465ee728b)
Start importing Assets/Scripts/PlayerMovement1.cs using Guid(5e88dab97ddff8945a3b18fd702af5ca) Importer(815301076,1909f56bfc062723c751e8b465ee728b)  -> (artifact id: 'cac6178a60c7dc78fcb47ff4f7aa6b6d') in 0.004227 seconds 
========================================================================
Received Import Request.
  Time since last request: 1.745293 seconds.
  path: Assets/Scripts/PlayerMovement.cs
  artifactKey: Guid(5e88dab97ddff8945a3b18fd702af5ca) Importer(815301076,1909f56bfc062723c751e8b465ee728b)
Start importing Assets/Scripts/PlayerMovement.cs using Guid(5e88dab97ddff8945a3b18fd702af5ca) Importer(815301076,1909f56bfc062723c751e8b465ee728b)  -> (artifact id: '63ef822c07eb6c824a2889b95221901d') in 0.004792 seconds 
========================================================================
Received Import Request.
  Time since last request: 53.224890 seconds.
  path: Assets/Scripts/PlayerMovement1.cs
  artifactKey: Guid(e2fec3a2402b38e40acc6458f54bc808) Importer(815301076,1909f56bfc062723c751e8b465ee728b)
Start importing Assets/Scripts/PlayerMovement1.cs using Guid(e2fec3a2402b38e40acc6458f54bc808) Importer(815301076,1909f56bfc062723c751e8b465ee728b)  -> (artifact id: 'add38fffdf95d03e8e0954a763ef1637') in 0.005334 seconds 
========================================================================
Received Import Request.
  Time since last request: 96.362957 seconds.
  path: Assets/Scripts/ControladorSonido.cs
  artifactKey: Guid(f4d17366a3c625649ab0d2319376ff72) Importer(815301076,1909f56bfc062723c751e8b465ee728b)
Start importing Assets/Scripts/ControladorSonido.cs using Guid(f4d17366a3c625649ab0d2319376ff72) Importer(815301076,1909f56bfc062723c751e8b465ee728b)  -> (artifact id: 'b9c2f4906a890cbb157bdb4cea8a9bb2') in 0.006813 seconds 
========================================================================
Received Prepare
Registering precompiled user dll's ...
Registered in 0.006256 seconds.
Begin MonoManager ReloadAssembly
Native extension for WindowsStandalone target not found
Refreshing native plugins compatible for Editor in 0.66 ms, found 3 plugins.
Preloading 0 native plugins for Editor in 0.00 ms.
Mono: successfully reloaded assembly
- Completed reload, in  1.836 seconds
Domain Reload Profiling:
	ReloadAssembly (1837ms)
		BeginReloadAssembly (264ms)
			ExecutionOrderSort (0ms)
			DisableScriptedObjects (12ms)
			BackupInstance (0ms)
			ReleaseScriptingObjects (0ms)
			CreateAndSetChildDomain (70ms)
		EndReloadAssembly (1456ms)
			LoadAssemblies (217ms)
			RebuildTransferFunctionScriptingTraits (0ms)
			SetupTypeCache (493ms)
			ReleaseScriptCaches (1ms)
			RebuildScriptCaches (68ms)
			SetupLoadedEditorAssemblies (567ms)
				LogAssemblyErrors (0ms)
				InitializePlatformSupportModulesInManaged (7ms)
				SetLoadedEditorAssemblies (2ms)
				RefreshPlugins (1ms)
				BeforeProcessingInitializeOnLoad (150ms)
				ProcessInitializeOnLoadAttributes (371ms)
				ProcessInitializeOnLoadMethodAttributes (19ms)
				AfterProcessingInitializeOnLoad (17ms)
				EditorAssembliesLoaded (0ms)
			ExecutionOrderSort2 (0ms)
			AwakeInstancesAfterBackupRestoration (4ms)
Platform modules already initialized, skipping
Refreshing native plugins compatible for Editor in 0.86 ms, found 3 plugins.
Preloading 0 native plugins for Editor in 0.00 ms.
Unloading 2010 Unused Serialized files (Serialized files now loaded: 0)
System memory in use before: 94.8 MB.
System memory in use after: 94.8 MB.

Unloading 19 unused Assets to reduce memory usage. Loaded Objects now: 2463.
Total: 4.739700 ms (FindLiveObjects: 0.224600 ms CreateObjectMapping: 0.074300 ms MarkObjects: 4.297700 ms  DeleteObjects: 0.141500 ms)

AssetImportParameters requested are different than current active one (requested -> active):
  custom:framework-win-MediaFoundation: 216162199b28c13a410421893ffa2e32 -> 
  custom:video-decoder-ogg-theora: a1e56fd34408186e4bbccfd4996cb3dc -> 
  custom:container-muxer-webm: aa71ff27fc2769a1b78a27578f13a17b -> 
  custom:container-demuxer-webm: 4f35f7cbe854078d1ac9338744f61a02 -> 
  custom:container-demuxer-ogg: 62fdf1f143b41e24485cea50d1cbac27 -> 
  custom:video-encoder-webm-vp8: eb34c28f22e8b96e1ab97ce403110664 -> 
  custom:video-decoder-webm-vp8: 9c59270c3fd7afecdb556c50c9e8de78 -> 
  custom:audio-decoder-ogg-vorbis: bf7c407c2cedff20999df2af8eb42d56 -> 
  custom:audio-encoder-webm-vorbis: bf7c407c2cedff20999df2af8eb42d56 -> 
========================================================================
Received Import Request.
  Time since last request: 158.496930 seconds.
  path: Assets/Sounds/Efectos de Sonido
  artifactKey: Guid(869289c59a8bb0244b6e4bdcc0e36f82) Importer(815301076,1909f56bfc062723c751e8b465ee728b)
Start importing Assets/Sounds/Efectos de Sonido using Guid(869289c59a8bb0244b6e4bdcc0e36f82) Importer(815301076,1909f56bfc062723c751e8b465ee728b)  -> (artifact id: '4d07d6c3c7e17e243b974999abcdb028') in 0.010096 seconds 
========================================================================
Received Import Request.
  Time since last request: 0.033674 seconds.
  path: Assets/Sounds/Efectos de Sonido/Aparicion Boo.wav
  artifactKey: Guid(19f7fbd4cc4cf414bbbafa702dc01245) Importer(815301076,1909f56bfc062723c751e8b465ee728b)
Start importing Assets/Sounds/Efectos de Sonido/Aparicion Boo.wav using Guid(19f7fbd4cc4cf414bbbafa702dc01245) Importer(815301076,1909f56bfc062723c751e8b465ee728b)  -> (artifact id: '82c9a7ed3b8c296546d489691ebc6bfc') in 0.114580 seconds 
========================================================================
Received Import Request.
  Time since last request: 0.000247 seconds.
  path: Assets/Sounds/Efectos de Sonido/Salto Mario.wav
  artifactKey: Guid(eee8c1949ca0dde4599938518cc4ed57) Importer(815301076,1909f56bfc062723c751e8b465ee728b)
Start importing Assets/Sounds/Efectos de Sonido/Salto Mario.wav using Guid(eee8c1949ca0dde4599938518cc4ed57) Importer(815301076,1909f56bfc062723c751e8b465ee728b)  -> (artifact id: '8ff06b28853ac5b5c1501a2cc69e0571') in 0.025241 seconds 
========================================================================
Received Import Request.
  Time since last request: 0.000290 seconds.
  path: Assets/Sounds/Efectos de Sonido/Eleccion juego.wav
  artifactKey: Guid(625019c4c31662b479ea06cdf6b261ef) Importer(815301076,1909f56bfc062723c751e8b465ee728b)
Start importing Assets/Sounds/Efectos de Sonido/Eleccion juego.wav using Guid(625019c4c31662b479ea06cdf6b261ef) Importer(815301076,1909f56bfc062723c751e8b465ee728b)  -> (artifact id: 'f29ec32b77dab0abc2c563fb0d7dbb59') in 0.025036 seconds 
========================================================================
Received Import Request.
  Time since last request: 0.000305 seconds.
  path: Assets/Sounds/Efectos de Sonido/Free Play Mode   New Record   Mario Party Advance Musi.wav
  artifactKey: Guid(c4bc9bbfbdf713144b2525d71dea78fc) Importer(815301076,1909f56bfc062723c751e8b465ee728b)
Start importing Assets/Sounds/Efectos de Sonido/Free Play Mode   New Record   Mario Party Advance Musi.wav using Guid(c4bc9bbfbdf713144b2525d71dea78fc) Importer(815301076,1909f56bfc062723c751e8b465ee728b)  -> (artifact id: '4e5afa6f954e680da7d17ff79470efa8') in 0.020931 seconds 
========================================================================
Received Import Request.
  Time since last request: 0.000313 seconds.
  path: Assets/Sounds/Efectos de Sonido/Silbato.wav
  artifactKey: Guid(a9b4a15056f3351468e910158003cece) Importer(815301076,1909f56bfc062723c751e8b465ee728b)
Start importing Assets/Sounds/Efectos de Sonido/Silbato.wav using Guid(a9b4a15056f3351468e910158003cece) Importer(815301076,1909f56bfc062723c751e8b465ee728b)  -> (artifact id: 'a317d5ba09f19cadb6c4206745fdcda9') in 0.022128 seconds 
========================================================================
Received Import Request.
  Time since last request: 0.000296 seconds.
  path: Assets/Sounds/Efectos de Sonido/Muerte Boo.wav
  artifactKey: Guid(b66b0195a9ef1e14d852de0bf1df2845) Importer(815301076,1909f56bfc062723c751e8b465ee728b)
Start importing Assets/Sounds/Efectos de Sonido/Muerte Boo.wav using Guid(b66b0195a9ef1e14d852de0bf1df2845) Importer(815301076,1909f56bfc062723c751e8b465ee728b)  -> (artifact id: 'b4f2586e8e7b0e711c421b42402b370f') in 0.024224 seconds 
========================================================================
Received Import Request.
  Time since last request: 9.457185 seconds.
  path: Assets/Sounds/Efectos de Sonido/Salto Mario 2.mp3
  artifactKey: Guid(8f2813094852cdb45ab637c641523649) Importer(815301076,1909f56bfc062723c751e8b465ee728b)
Start importing Assets/Sounds/Efectos de Sonido/Salto Mario 2.mp3 using Guid(8f2813094852cdb45ab637c641523649) Importer(815301076,1909f56bfc062723c751e8b465ee728b)  -> (artifact id: '8f7c6e6e837d0f18c6b03bf24c5eba2a') in 0.023597 seconds 
========================================================================
Received Import Request.
  Time since last request: 3.898225 seconds.
  path: Assets/Sounds/Efectos de Sonido/Salto Mario.mp3
  artifactKey: Guid(8f2813094852cdb45ab637c641523649) Importer(815301076,1909f56bfc062723c751e8b465ee728b)
Start importing Assets/Sounds/Efectos de Sonido/Salto Mario.mp3 using Guid(8f2813094852cdb45ab637c641523649) Importer(815301076,1909f56bfc062723c751e8b465ee728b)  -> (artifact id: '705c6ebcc76913820169d0491117734f') in 0.015603 seconds 
========================================================================
Received Import Request.
  Time since last request: 11.060784 seconds.
  path: Assets/Sounds/Efectos de Sonido/Salto.mp3
  artifactKey: Guid(8f2813094852cdb45ab637c641523649) Importer(815301076,1909f56bfc062723c751e8b465ee728b)
Start importing Assets/Sounds/Efectos de Sonido/Salto.mp3 using Guid(8f2813094852cdb45ab637c641523649) Importer(815301076,1909f56bfc062723c751e8b465ee728b)  -> (artifact id: '0616914896fbe4ebf601c79b7af1fa4d') in 0.017011 seconds 
========================================================================
Received Prepare
Registering precompiled user dll's ...
Registered in 0.006483 seconds.
Begin MonoManager ReloadAssembly
Native extension for WindowsStandalone target not found
Refreshing native plugins compatible for Editor in 0.80 ms, found 3 plugins.
Preloading 0 native plugins for Editor in 0.00 ms.
Mono: successfully reloaded assembly
- Completed reload, in  1.560 seconds
Domain Reload Profiling:
	ReloadAssembly (1561ms)
		BeginReloadAssembly (181ms)
			ExecutionOrderSort (0ms)
			DisableScriptedObjects (12ms)
			BackupInstance (0ms)
			ReleaseScriptingObjects (0ms)
			CreateAndSetChildDomain (46ms)
		EndReloadAssembly (1276ms)
			LoadAssemblies (170ms)
			RebuildTransferFunctionScriptingTraits (0ms)
			SetupTypeCache (414ms)
			ReleaseScriptCaches (1ms)
			RebuildScriptCaches (62ms)
			SetupLoadedEditorAssemblies (505ms)
				LogAssemblyErrors (0ms)
				InitializePlatformSupportModulesInManaged (10ms)
				SetLoadedEditorAssemblies (1ms)
				RefreshPlugins (1ms)
				BeforeProcessingInitializeOnLoad (154ms)
				ProcessInitializeOnLoadAttributes (305ms)
				ProcessInitializeOnLoadMethodAttributes (18ms)
				AfterProcessingInitializeOnLoad (16ms)
				EditorAssembliesLoaded (0ms)
			ExecutionOrderSort2 (0ms)
			AwakeInstancesAfterBackupRestoration (6ms)
Platform modules already initialized, skipping
Refreshing native plugins compatible for Editor in 0.51 ms, found 3 plugins.
Preloading 0 native plugins for Editor in 0.00 ms.
Unloading 2010 Unused Serialized files (Serialized files now loaded: 0)
System memory in use before: 94.9 MB.
System memory in use after: 94.9 MB.

Unloading 18 unused Assets to reduce memory usage. Loaded Objects now: 2473.
Total: 3.892500 ms (FindLiveObjects: 0.201900 ms CreateObjectMapping: 0.059400 ms MarkObjects: 3.493400 ms  DeleteObjects: 0.136600 ms)

AssetImportParameters requested are different than current active one (requested -> active):
  custom:framework-win-MediaFoundation: 216162199b28c13a410421893ffa2e32 -> 
  custom:video-decoder-ogg-theora: a1e56fd34408186e4bbccfd4996cb3dc -> 
  custom:container-muxer-webm: aa71ff27fc2769a1b78a27578f13a17b -> 
  custom:container-demuxer-webm: 4f35f7cbe854078d1ac9338744f61a02 -> 
  custom:container-demuxer-ogg: 62fdf1f143b41e24485cea50d1cbac27 -> 
  custom:video-encoder-webm-vp8: eb34c28f22e8b96e1ab97ce403110664 -> 
  custom:video-decoder-webm-vp8: 9c59270c3fd7afecdb556c50c9e8de78 -> 
  custom:audio-decoder-ogg-vorbis: bf7c407c2cedff20999df2af8eb42d56 -> 
  custom:audio-encoder-webm-vorbis: bf7c407c2cedff20999df2af8eb42d56 -> 
========================================================================
Received Prepare
Registering precompiled user dll's ...
Registered in 0.005283 seconds.
Begin MonoManager ReloadAssembly
Native extension for WindowsStandalone target not found
Refreshing native plugins compatible for Editor in 1.13 ms, found 3 plugins.
Preloading 0 native plugins for Editor in 0.00 ms.
Mono: successfully reloaded assembly
- Completed reload, in  1.964 seconds
Domain Reload Profiling:
	ReloadAssembly (1964ms)
		BeginReloadAssembly (222ms)
			ExecutionOrderSort (0ms)
			DisableScriptedObjects (13ms)
			BackupInstance (0ms)
			ReleaseScriptingObjects (0ms)
			CreateAndSetChildDomain (58ms)
		EndReloadAssembly (1616ms)
			LoadAssemblies (197ms)
			RebuildTransferFunctionScriptingTraits (0ms)
			SetupTypeCache (528ms)
			ReleaseScriptCaches (1ms)
			RebuildScriptCaches (82ms)
			SetupLoadedEditorAssemblies (662ms)
				LogAssemblyErrors (0ms)
				InitializePlatformSupportModulesInManaged (9ms)
				SetLoadedEditorAssemblies (1ms)
				RefreshPlugins (1ms)
				BeforeProcessingInitializeOnLoad (186ms)
				ProcessInitializeOnLoadAttributes (417ms)
				ProcessInitializeOnLoadMethodAttributes (26ms)
				AfterProcessingInitializeOnLoad (21ms)
				EditorAssembliesLoaded (0ms)
			ExecutionOrderSort2 (0ms)
			AwakeInstancesAfterBackupRestoration (5ms)
Platform modules already initialized, skipping
Refreshing native plugins compatible for Editor in 0.74 ms, found 3 plugins.
Preloading 0 native plugins for Editor in 0.00 ms.
Unloading 2010 Unused Serialized files (Serialized files now loaded: 0)
System memory in use before: 94.9 MB.
System memory in use after: 94.9 MB.

Unloading 18 unused Assets to reduce memory usage. Loaded Objects now: 2476.
Total: 5.511500 ms (FindLiveObjects: 0.276400 ms CreateObjectMapping: 0.142300 ms MarkObjects: 4.932500 ms  DeleteObjects: 0.158500 ms)

AssetImportParameters requested are different than current active one (requested -> active):
  custom:framework-win-MediaFoundation: 216162199b28c13a410421893ffa2e32 -> 
  custom:video-decoder-ogg-theora: a1e56fd34408186e4bbccfd4996cb3dc -> 
  custom:container-muxer-webm: aa71ff27fc2769a1b78a27578f13a17b -> 
  custom:container-demuxer-webm: 4f35f7cbe854078d1ac9338744f61a02 -> 
  custom:container-demuxer-ogg: 62fdf1f143b41e24485cea50d1cbac27 -> 
  custom:video-encoder-webm-vp8: eb34c28f22e8b96e1ab97ce403110664 -> 
  custom:video-decoder-webm-vp8: 9c59270c3fd7afecdb556c50c9e8de78 -> 
  custom:audio-decoder-ogg-vorbis: bf7c407c2cedff20999df2af8eb42d56 -> 
  custom:audio-encoder-webm-vorbis: bf7c407c2cedff20999df2af8eb42d56 -> 
========================================================================
Received Import Request.
  Time since last request: 192.852983 seconds.
  path: Assets/Animations/LuigiIdle.anim
  artifactKey: Guid(81d628f30e69bcf40a10930876760b71) Importer(815301076,1909f56bfc062723c751e8b465ee728b)
Start importing Assets/Animations/LuigiIdle.anim using Guid(81d628f30e69bcf40a10930876760b71) Importer(815301076,1909f56bfc062723c751e8b465ee728b)  -> (artifact id: '92231083ee6840db9ef9593a270d8feb') in 0.022031 seconds 
========================================================================
Received Import Request.
  Time since last request: 0.398154 seconds.
  path: Assets/Animations/LuigiRun.anim
  artifactKey: Guid(f7aa39b7819632549817712ba6d31957) Importer(815301076,1909f56bfc062723c751e8b465ee728b)
Start importing Assets/Animations/LuigiRun.anim using Guid(f7aa39b7819632549817712ba6d31957) Importer(815301076,1909f56bfc062723c751e8b465ee728b)  -> (artifact id: '2379cb3beede9c6f69d780e00d5ba8c8') in 0.005552 seconds 
========================================================================
Received Import Request.
  Time since last request: 0.603215 seconds.
  path: Assets/Animations/MarioIdle.anim
  artifactKey: Guid(780545f87a1f88e47880a81fc2056e6e) Importer(815301076,1909f56bfc062723c751e8b465ee728b)
Start importing Assets/Animations/MarioIdle.anim using Guid(780545f87a1f88e47880a81fc2056e6e) Importer(815301076,1909f56bfc062723c751e8b465ee728b)  -> (artifact id: '87d7eb3468153719e2cacfbf8169ab4f') in 0.005438 seconds 
========================================================================
Received Import Request.
  Time since last request: 1.329684 seconds.
  path: Assets/Animations/MarioIRun.anim
  artifactKey: Guid(78282d1dc5f6bff4a9a966e4d1c6b6e9) Importer(815301076,1909f56bfc062723c751e8b465ee728b)
Start importing Assets/Animations/MarioIRun.anim using Guid(78282d1dc5f6bff4a9a966e4d1c6b6e9) Importer(815301076,1909f56bfc062723c751e8b465ee728b)  -> (artifact id: '326715160e462acbcb87f3b3bca03f16') in 0.005825 seconds 
========================================================================
Received Import Request.
  Time since last request: 101.907468 seconds.
  path: Assets/Sounds/Musica/Free Play Mode   Mario Party Advanc.wav
  artifactKey: Guid(fb247749edca961488b1320a3cd8fc61) Importer(815301076,1909f56bfc062723c751e8b465ee728b)
Start importing Assets/Sounds/Musica/Free Play Mode   Mario Party Advanc.wav using Guid(fb247749edca961488b1320a3cd8fc61) Importer(815301076,1909f56bfc062723c751e8b465ee728b)  -> (artifact id: 'b8d96e021b9dfb6c79ac7bea78996b99') in 0.055071 seconds 
========================================================================
Received Import Request.
  Time since last request: 0.000327 seconds.
  path: Assets/Sounds/Musica/Party World   Mario Party Advanc.wav
  artifactKey: Guid(1f36f5c12f929e141b6cac74dabd0d17) Importer(815301076,1909f56bfc062723c751e8b465ee728b)
Start importing Assets/Sounds/Musica/Party World   Mario Party Advanc.wav using Guid(1f36f5c12f929e141b6cac74dabd0d17) Importer(815301076,1909f56bfc062723c751e8b465ee728b)  -> (artifact id: '94b446db6f8e4498f1c4c0771cf9c6f2') in 0.022614 seconds 
========================================================================
Received Import Request.
  Time since last request: 0.000416 seconds.
  path: Assets/Sounds/Musica/Play Land   Mario Party Advanc.wav
  artifactKey: Guid(66e139c883e2dc24ebc4a1f1610fd206) Importer(815301076,1909f56bfc062723c751e8b465ee728b)
Start importing Assets/Sounds/Musica/Play Land   Mario Party Advanc.wav using Guid(66e139c883e2dc24ebc4a1f1610fd206) Importer(815301076,1909f56bfc062723c751e8b465ee728b)  -> (artifact id: 'b4146bd50ca24807f431039cab157a33') in 0.020440 seconds 
========================================================================
Received Import Request.
  Time since last request: 0.000383 seconds.
  path: Assets/Sounds/Musica/Intro   Mario Party Advanc.wav
  artifactKey: Guid(830c78b65a888714c9c94e407ea06004) Importer(815301076,1909f56bfc062723c751e8b465ee728b)
Start importing Assets/Sounds/Musica/Intro   Mario Party Advanc.wav using Guid(830c78b65a888714c9c94e407ea06004) Importer(815301076,1909f56bfc062723c751e8b465ee728b)  -> (artifact id: '5678a13f348b50d09bce66ba002e2485') in 0.022423 seconds 
========================================================================
Received Import Request.
  Time since last request: 0.000335 seconds.
  path: Assets/Sounds/Musica/Title Screen   Mario Party Advance Musi.wav
  artifactKey: Guid(cf12abd90a2e84a4fb26f2d07e426fe5) Importer(815301076,1909f56bfc062723c751e8b465ee728b)
Start importing Assets/Sounds/Musica/Title Screen   Mario Party Advance Musi.wav using Guid(cf12abd90a2e84a4fb26f2d07e426fe5) Importer(815301076,1909f56bfc062723c751e8b465ee728b)  -> (artifact id: 'f348553bc21cd2b2d0b9e0c25e3c0fa7') in 0.020688 seconds 
========================================================================
Received Import Request.
  Time since last request: 0.000297 seconds.
  path: Assets/Sounds/Musica/Mini Game Theme 3   Mario Party Advanc.wav
  artifactKey: Guid(ea34011d8c8cf3c4c9254f0d54e0d637) Importer(815301076,1909f56bfc062723c751e8b465ee728b)
Start importing Assets/Sounds/Musica/Mini Game Theme 3   Mario Party Advanc.wav using Guid(ea34011d8c8cf3c4c9254f0d54e0d637) Importer(815301076,1909f56bfc062723c751e8b465ee728b)  -> (artifact id: 'd76d8215ed809b2602a234d060808f87') in 0.021646 seconds 
========================================================================
Received Prepare
Registering precompiled user dll's ...
Registered in 0.005340 seconds.
Begin MonoManager ReloadAssembly
Native extension for WindowsStandalone target not found
Refreshing native plugins compatible for Editor in 0.58 ms, found 3 plugins.
Preloading 0 native plugins for Editor in 0.00 ms.
Mono: successfully reloaded assembly
- Completed reload, in  1.660 seconds
Domain Reload Profiling:
	ReloadAssembly (1661ms)
		BeginReloadAssembly (201ms)
			ExecutionOrderSort (0ms)
			DisableScriptedObjects (10ms)
			BackupInstance (0ms)
			ReleaseScriptingObjects (0ms)
			CreateAndSetChildDomain (43ms)
		EndReloadAssembly (1336ms)
			LoadAssemblies (205ms)
			RebuildTransferFunctionScriptingTraits (0ms)
			SetupTypeCache (449ms)
			ReleaseScriptCaches (1ms)
			RebuildScriptCaches (61ms)
			SetupLoadedEditorAssemblies (531ms)
				LogAssemblyErrors (0ms)
				InitializePlatformSupportModulesInManaged (9ms)
				SetLoadedEditorAssemblies (1ms)
				RefreshPlugins (1ms)
				BeforeProcessingInitializeOnLoad (139ms)
				ProcessInitializeOnLoadAttributes (350ms)
				ProcessInitializeOnLoadMethodAttributes (18ms)
				AfterProcessingInitializeOnLoad (13ms)
				EditorAssembliesLoaded (0ms)
			ExecutionOrderSort2 (0ms)
			AwakeInstancesAfterBackupRestoration (4ms)
Platform modules already initialized, skipping
Refreshing native plugins compatible for Editor in 0.54 ms, found 3 plugins.
Preloading 0 native plugins for Editor in 0.00 ms.
Unloading 2010 Unused Serialized files (Serialized files now loaded: 0)
System memory in use before: 95.0 MB.
System memory in use after: 95.0 MB.

Unloading 18 unused Assets to reduce memory usage. Loaded Objects now: 2480.
Total: 4.028600 ms (FindLiveObjects: 0.204100 ms CreateObjectMapping: 0.058500 ms MarkObjects: 3.633800 ms  DeleteObjects: 0.130400 ms)

AssetImportParameters requested are different than current active one (requested -> active):
  custom:framework-win-MediaFoundation: 216162199b28c13a410421893ffa2e32 -> 
  custom:video-decoder-ogg-theora: a1e56fd34408186e4bbccfd4996cb3dc -> 
  custom:container-muxer-webm: aa71ff27fc2769a1b78a27578f13a17b -> 
  custom:container-demuxer-webm: 4f35f7cbe854078d1ac9338744f61a02 -> 
  custom:container-demuxer-ogg: 62fdf1f143b41e24485cea50d1cbac27 -> 
  custom:video-encoder-webm-vp8: eb34c28f22e8b96e1ab97ce403110664 -> 
  custom:video-decoder-webm-vp8: 9c59270c3fd7afecdb556c50c9e8de78 -> 
  custom:audio-decoder-ogg-vorbis: bf7c407c2cedff20999df2af8eb42d56 -> 
  custom:audio-encoder-webm-vorbis: bf7c407c2cedff20999df2af8eb42d56 -> 
========================================================================
Received Import Request.
  Time since last request: 16.990801 seconds.
  path: Assets/Spritesshets/MarioIdle.anim
  artifactKey: Guid(f50ceadd993fc3b419348ce5287fb26c) Importer(815301076,1909f56bfc062723c751e8b465ee728b)
Start importing Assets/Spritesshets/MarioIdle.anim using Guid(f50ceadd993fc3b419348ce5287fb26c) Importer(815301076,1909f56bfc062723c751e8b465ee728b)  -> (artifact id: '9dbf173e5ad9830eb4a90252d65115d9') in 0.019962 seconds 
========================================================================
Received Prepare
Registering precompiled user dll's ...
Registered in 0.005547 seconds.
Begin MonoManager ReloadAssembly
Native extension for WindowsStandalone target not found
Refreshing native plugins compatible for Editor in 0.63 ms, found 3 plugins.
Preloading 0 native plugins for Editor in 0.00 ms.
Mono: successfully reloaded assembly
- Completed reload, in  1.859 seconds
Domain Reload Profiling:
	ReloadAssembly (1860ms)
		BeginReloadAssembly (206ms)
			ExecutionOrderSort (0ms)
			DisableScriptedObjects (12ms)
			BackupInstance (0ms)
			ReleaseScriptingObjects (0ms)
			CreateAndSetChildDomain (51ms)
		EndReloadAssembly (1523ms)
			LoadAssemblies (195ms)
			RebuildTransferFunctionScriptingTraits (0ms)
			SetupTypeCache (482ms)
			ReleaseScriptCaches (1ms)
			RebuildScriptCaches (93ms)
			SetupLoadedEditorAssemblies (557ms)
				LogAssemblyErrors (0ms)
				InitializePlatformSupportModulesInManaged (11ms)
				SetLoadedEditorAssemblies (1ms)
				RefreshPlugins (1ms)
				BeforeProcessingInitializeOnLoad (155ms)
				ProcessInitializeOnLoadAttributes (354ms)
				ProcessInitializeOnLoadMethodAttributes (21ms)
				AfterProcessingInitializeOnLoad (16ms)
				EditorAssembliesLoaded (0ms)
			ExecutionOrderSort2 (0ms)
			AwakeInstancesAfterBackupRestoration (7ms)
Platform modules already initialized, skipping
Refreshing native plugins compatible for Editor in 0.71 ms, found 3 plugins.
Preloading 0 native plugins for Editor in 0.00 ms.
Unloading 2010 Unused Serialized files (Serialized files now loaded: 0)
System memory in use before: 95.0 MB.
System memory in use after: 95.0 MB.

Unloading 18 unused Assets to reduce memory usage. Loaded Objects now: 2483.
Total: 3.487200 ms (FindLiveObjects: 0.198700 ms CreateObjectMapping: 0.060000 ms MarkObjects: 3.114600 ms  DeleteObjects: 0.112400 ms)

AssetImportParameters requested are different than current active one (requested -> active):
  custom:framework-win-MediaFoundation: 216162199b28c13a410421893ffa2e32 -> 
  custom:video-decoder-ogg-theora: a1e56fd34408186e4bbccfd4996cb3dc -> 
  custom:container-muxer-webm: aa71ff27fc2769a1b78a27578f13a17b -> 
  custom:container-demuxer-webm: 4f35f7cbe854078d1ac9338744f61a02 -> 
  custom:container-demuxer-ogg: 62fdf1f143b41e24485cea50d1cbac27 -> 
  custom:video-encoder-webm-vp8: eb34c28f22e8b96e1ab97ce403110664 -> 
  custom:video-decoder-webm-vp8: 9c59270c3fd7afecdb556c50c9e8de78 -> 
  custom:audio-decoder-ogg-vorbis: bf7c407c2cedff20999df2af8eb42d56 -> 
  custom:audio-encoder-webm-vorbis: bf7c407c2cedff20999df2af8eb42d56 -> 
========================================================================
Received Import Request.
  Time since last request: 124.031865 seconds.
  path: Assets/Scripts/ControladorSonido.cs
  artifactKey: Guid(f4d17366a3c625649ab0d2319376ff72) Importer(815301076,1909f56bfc062723c751e8b465ee728b)
Start importing Assets/Scripts/ControladorSonido.cs using Guid(f4d17366a3c625649ab0d2319376ff72) Importer(815301076,1909f56bfc062723c751e8b465ee728b)  -> (artifact id: '68d567230ac7722ea4d44892533dbf92') in 0.008015 seconds 
========================================================================
Received Prepare
Registering precompiled user dll's ...
Registered in 0.004946 seconds.
Begin MonoManager ReloadAssembly
Native extension for WindowsStandalone target not found
Refreshing native plugins compatible for Editor in 0.82 ms, found 3 plugins.
Preloading 0 native plugins for Editor in 0.00 ms.
Mono: successfully reloaded assembly
- Completed reload, in  1.639 seconds
Domain Reload Profiling:
	ReloadAssembly (1639ms)
		BeginReloadAssembly (169ms)
			ExecutionOrderSort (0ms)
			DisableScriptedObjects (10ms)
			BackupInstance (0ms)
			ReleaseScriptingObjects (0ms)
			CreateAndSetChildDomain (40ms)
		EndReloadAssembly (1354ms)
			LoadAssemblies (172ms)
			RebuildTransferFunctionScriptingTraits (0ms)
			SetupTypeCache (490ms)
			ReleaseScriptCaches (1ms)
			RebuildScriptCaches (74ms)
			SetupLoadedEditorAssemblies (472ms)
				LogAssemblyErrors (0ms)
				InitializePlatformSupportModulesInManaged (8ms)
				SetLoadedEditorAssemblies (1ms)
				RefreshPlugins (1ms)
				BeforeProcessingInitializeOnLoad (131ms)
				ProcessInitializeOnLoadAttributes (295ms)
				ProcessInitializeOnLoadMethodAttributes (19ms)
				AfterProcessingInitializeOnLoad (16ms)
				EditorAssembliesLoaded (0ms)
			ExecutionOrderSort2 (0ms)
			AwakeInstancesAfterBackupRestoration (7ms)
Platform modules already initialized, skipping
Refreshing native plugins compatible for Editor in 0.88 ms, found 3 plugins.
Preloading 0 native plugins for Editor in 0.00 ms.
Unloading 2010 Unused Serialized files (Serialized files now loaded: 0)
System memory in use before: 95.0 MB.
System memory in use after: 95.0 MB.

Unloading 18 unused Assets to reduce memory usage. Loaded Objects now: 2486.
Total: 3.726300 ms (FindLiveObjects: 0.226900 ms CreateObjectMapping: 0.063500 ms MarkObjects: 3.323100 ms  DeleteObjects: 0.111600 ms)

AssetImportParameters requested are different than current active one (requested -> active):
  custom:framework-win-MediaFoundation: 216162199b28c13a410421893ffa2e32 -> 
  custom:video-decoder-ogg-theora: a1e56fd34408186e4bbccfd4996cb3dc -> 
  custom:container-muxer-webm: aa71ff27fc2769a1b78a27578f13a17b -> 
  custom:container-demuxer-webm: 4f35f7cbe854078d1ac9338744f61a02 -> 
  custom:container-demuxer-ogg: 62fdf1f143b41e24485cea50d1cbac27 -> 
  custom:video-encoder-webm-vp8: eb34c28f22e8b96e1ab97ce403110664 -> 
  custom:video-decoder-webm-vp8: 9c59270c3fd7afecdb556c50c9e8de78 -> 
  custom:audio-decoder-ogg-vorbis: bf7c407c2cedff20999df2af8eb42d56 -> 
  custom:audio-encoder-webm-vorbis: bf7c407c2cedff20999df2af8eb42d56 -> 
========================================================================
Received Prepare
Registering precompiled user dll's ...
Registered in 0.005402 seconds.
Begin MonoManager ReloadAssembly
Native extension for WindowsStandalone target not found
Refreshing native plugins compatible for Editor in 0.54 ms, found 3 plugins.
Preloading 0 native plugins for Editor in 0.00 ms.
Mono: successfully reloaded assembly
- Completed reload, in  1.563 seconds
Domain Reload Profiling:
	ReloadAssembly (1564ms)
		BeginReloadAssembly (179ms)
			ExecutionOrderSort (0ms)
			DisableScriptedObjects (9ms)
			BackupInstance (0ms)
			ReleaseScriptingObjects (0ms)
			CreateAndSetChildDomain (45ms)
		EndReloadAssembly (1272ms)
			LoadAssemblies (167ms)
			RebuildTransferFunctionScriptingTraits (0ms)
			SetupTypeCache (398ms)
			ReleaseScriptCaches (1ms)
			RebuildScriptCaches (57ms)
			SetupLoadedEditorAssemblies (537ms)
				LogAssemblyErrors (0ms)
				InitializePlatformSupportModulesInManaged (9ms)
				SetLoadedEditorAssemblies (1ms)
				RefreshPlugins (1ms)
				BeforeProcessingInitializeOnLoad (141ms)
				ProcessInitializeOnLoadAttributes (350ms)
				ProcessInitializeOnLoadMethodAttributes (19ms)
				AfterProcessingInitializeOnLoad (15ms)
				EditorAssembliesLoaded (0ms)
			ExecutionOrderSort2 (0ms)
			AwakeInstancesAfterBackupRestoration (4ms)
Platform modules already initialized, skipping
Refreshing native plugins compatible for Editor in 0.46 ms, found 3 plugins.
Preloading 0 native plugins for Editor in 0.00 ms.
Unloading 2010 Unused Serialized files (Serialized files now loaded: 0)
System memory in use before: 95.0 MB.
System memory in use after: 95.0 MB.

Unloading 18 unused Assets to reduce memory usage. Loaded Objects now: 2489.
Total: 3.351400 ms (FindLiveObjects: 0.203700 ms CreateObjectMapping: 0.052100 ms MarkObjects: 2.972200 ms  DeleteObjects: 0.121900 ms)

AssetImportParameters requested are different than current active one (requested -> active):
  custom:framework-win-MediaFoundation: 216162199b28c13a410421893ffa2e32 -> 
  custom:video-decoder-ogg-theora: a1e56fd34408186e4bbccfd4996cb3dc -> 
  custom:container-muxer-webm: aa71ff27fc2769a1b78a27578f13a17b -> 
  custom:container-demuxer-webm: 4f35f7cbe854078d1ac9338744f61a02 -> 
  custom:container-demuxer-ogg: 62fdf1f143b41e24485cea50d1cbac27 -> 
  custom:video-encoder-webm-vp8: eb34c28f22e8b96e1ab97ce403110664 -> 
  custom:video-decoder-webm-vp8: 9c59270c3fd7afecdb556c50c9e8de78 -> 
  custom:audio-decoder-ogg-vorbis: bf7c407c2cedff20999df2af8eb42d56 -> 
  custom:audio-encoder-webm-vorbis: bf7c407c2cedff20999df2af8eb42d56 -> 
AssetImportWorkerClient::OnTransportError - code=2 error=End of file
